#
# A fatal error has been detected by the Java Runtime Environment:
#
#  SIGBUS (0x7) at pc=0x00007eff580ca1d8, pid=12063, tid=139634358122240
#
# JRE version: 7.0-b147
# Java VM: Java HotSpot(TM) 64-Bit Server VM (21.0-b17 mixed mode linux-amd64 compressed oops)
# Problematic frame:
# 
[error occurred during error reporting (printing problematic frame), id 0x7]

# Failed to write core dump. Core dumps have been disabled. To enable core dumping, try "ulimit -c unlimited" before starting Java again
#
# If you would like to submit a bug report, please visit:
#   http://bugreport.sun.com/bugreport/crash.jsp
# The crash happened outside the Java Virtual Machine in native code.
# See problematic frame for where to report the bug.
#

---------------  T H R E A D  ---------------

Current thread (0x00007eff54294800):  JavaThread "LWJGL Application" [_thread_in_native, id=12085, stack(0x00007eff28407000,0x00007eff28508000)]

siginfo:si_signo=SIGBUS: si_errno=0, si_code=2 (BUS_ADRERR), si_addr=0x00007eff5832a538

Registers:
RAX=0x00000000d839d2a0, RBX=0x00007eff542949d0, RCX=0x0000000000000000, RDX=0x0000000000000040
RSP=0x00007eff285065b8, RBP=0x00007eff28506600, RSI=0x00000000d839d2a0, RDI=0x0000000000e08f10
R8 =0x0000000000000001, R9 =0x00000000d83ffca0, R10=0x0000000000000006, R11=0x00007eff5c020088
R12=0x00000000d839d2a0, R13=0x0000000000000040, R14=0x0000000000e08f10, R15=0x0000000000000000
RIP=0x00007eff580ca1d8, EFLAGS=0x0000000000010206, CSGSFS=0x0000000000000033, ERR=0x0000000000000004
  TRAPNO=0x000000000000000e

Top of Stack: (sp=0x00007eff285065b8)
0x00007eff285065b8:   00007eff58103447 0000000000cd4dd0
0x00007eff285065c8:   00000000826b26d8 00007eff28506640
0x00007eff285065d8:   0000000000000000 00007eff28506690
0x00007eff285065e8:   00007eff28506630 00007eff54294800
0x00007eff285065f8:   00007eff510a31c3 00000000d839d290
0x00007eff28506608:   00000000d83ffca0 00000000d83ff3f8
0x00007eff28506618:   00000000d84376d0 8200b3b8fffffffe
0x00007eff28506628:   00000000d84376d0 00000000d82e8e88
0x00007eff28506638:   0000000000000012 00000000d83ffca0
0x00007eff28506648:   00007eff510a2c78 0000000000000010
0x00007eff28506658:   00007eff28506658 000000008208af78
0x00007eff28506668:   00007eff285066a8 00007eff285066f0
0x00007eff28506678:   00007eff51005f98 000000008208af98
0x00007eff28506688:   00007eff51005f98 0000000000000000
0x00007eff28506698:   0000000000000010 00000000d83ffca0
0x00007eff285066a8:   00000000d839d290 00007eff285066b0
0x00007eff285066b8:   00000000826fde03 00007eff28506728
0x00007eff285066c8:   0000000082700820 0000000082733ce8
0x00007eff285066d8:   00000000826fde70 00007eff28506690
0x00007eff285066e8:   00007eff28506710 00007eff28506770
0x00007eff285066f8:   00007eff51005f98 0000000000000000
0x00007eff28506708:   00000000d8276110 0000000000000000
0x00007eff28506718:   00000000d839d228 00000000d84376d0
0x00007eff28506728:   00000000d83f35d8 00007eff28506730
0x00007eff28506738:   00000000826fdcd4 00007eff28506790
0x00007eff28506748:   0000000082700820 0000000082733ba0
0x00007eff28506758:   00000000826fdd08 00007eff28506710
0x00007eff28506768:   00007eff28506780 00007eff285067d8
0x00007eff28506778:   00007eff51005f98 00000000d839d228
0x00007eff28506788:   00000000d84376d0 00000000d83f35d8
0x00007eff28506798:   00007eff28506798 00000000826e94c0
0x00007eff285067a8:   00007eff285067f0 00000000826e9cd8 

Instructions: (pc=0x00007eff580ca1d8)
0x00007eff580ca1b8:   ff 25 6a 03 26 00 68 a5 00 00 00 e9 90 f5 ff ff
0x00007eff580ca1c8:   ff 25 62 03 26 00 68 a6 00 00 00 e9 80 f5 ff ff
0x00007eff580ca1d8:   ff 25 5a 03 26 00 68 a7 00 00 00 e9 70 f5 ff ff
0x00007eff580ca1e8:   ff 25 52 03 26 00 68 a8 00 00 00 e9 60 f5 ff ff 

Register to memory mapping:

RAX=0x00000000d839d2a0 is an unknown value
RBX=0x00007eff542949d0 is an unknown value
RCX=0x0000000000000000 is an unknown value
RDX=0x0000000000000040 is an unknown value
RSP=0x00007eff285065b8 is pointing into the stack for thread: 0x00007eff54294800
RBP=0x00007eff28506600 is pointing into the stack for thread: 0x00007eff54294800
RSI=0x00000000d839d2a0 is an unknown value
RDI=0x0000000000e08f10 is an unknown value
R8 =0x0000000000000001 is an unknown value
R9 =0x00000000d83ffca0 is an oop
java.nio.DirectFloatBufferU 
 - klass: 'java/nio/DirectFloatBufferU'
R10=0x0000000000000006 is an unknown value
R11=0x00007eff5c020088: <offset 0xc7a088> in /usr/lib/jvm/jdk1.7.0/jre/lib/amd64/server/libjvm.so at 0x00007eff5b3a6000
R12=0x00000000d839d2a0 is an unknown value
R13=0x0000000000000040 is an unknown value
R14=0x0000000000e08f10 is an unknown value
R15=0x0000000000000000 is an unknown value


Stack: [0x00007eff28407000,0x00007eff28508000],  sp=0x00007eff285065b8,  free space=1021k
Native frames: (J=compiled Java code, j=interpreted, Vv=VM code, C=native code)
